2020-01-21 20:27:49,355 [Worker-5: Loading available Gradle versions] INFO  o.e.b.c.i.u.g.PublishedGradleVersions - Gradle version information cache is up-to-date. Trying to read.
2020-01-21 20:29:59,699 [Worker-16: Creating project "com.csserver"] ERROR o.e.m.c.i.URLConnectionCaches - Unexpected URLConnection defaultUseCaches enabled
2020-01-21 20:30:00,276 [Worker-16: Creating project "com.csserver"] INFO  o.e.m.c.i.l.LifecycleMappingFactory - Using org.eclipse.m2e.jdt.JarLifecycleMapping lifecycle mapping for MavenProject: com.csserver:com.csserver:0.0.1-SNAPSHOT @ /Volumes/G-DRIVE-PRO/FABRICE/Clever-Shift/DTSI/test/pom.xml.
2020-01-21 20:30:00,669 [Worker-16: Creating project "com.csserver"] ERROR o.e.m.c.i.URLConnectionCaches - Unexpected URLConnection defaultUseCaches enabled
2020-01-21 20:30:00,733 [Worker-16: Creating project "com.csserver"] INFO  o.e.m.j.i.AbstractJavaProjectConfigurator - Adding source folder /com.csserver/src/main/java
2020-01-21 20:30:00,734 [Worker-16: Creating project "com.csserver"] INFO  o.e.m.j.i.AbstractJavaProjectConfigurator - Adding resource folder /com.csserver/src/main/resources
2020-01-21 20:30:00,734 [Worker-16: Creating project "com.csserver"] INFO  o.e.m.j.i.AbstractJavaProjectConfigurator - Adding source folder /com.csserver/src/test/java
2020-01-21 20:30:00,734 [Worker-16: Creating project "com.csserver"] INFO  o.e.m.j.i.AbstractJavaProjectConfigurator - Adding resource folder /com.csserver/src/test/resources
2020-01-21 20:30:01,525 [Worker-3: Building] ERROR o.e.m.c.i.URLConnectionCaches - Unexpected URLConnection defaultUseCaches enabled
2020-01-21 20:30:01,547 [Worker-3: Building] WARN  o.e.m.c.i.embedder.EclipseLogger - Using platform encoding (UTF-8 actually) to copy filtered resources, i.e. build is platform dependent!
2020-01-21 20:30:01,556 [Worker-3: Building] INFO  o.e.m.c.i.embedder.EclipseLogger - Copying 0 resource
2020-01-21 20:30:01,559 [Worker-3: Building] WARN  o.e.m.c.i.embedder.EclipseLogger - Using platform encoding (UTF-8 actually) to copy filtered resources, i.e. build is platform dependent!
2020-01-21 20:30:01,560 [Worker-3: Building] INFO  o.e.m.c.i.embedder.EclipseLogger - Copying 0 resource
2020-01-21 20:31:50,777 [main] INFO  o.e.m.c.i.l.LifecycleMappingFactory - Using org.eclipse.m2e.jdt.JarLifecycleMapping lifecycle mapping for MavenProject: com.csserver:com.csserver:0.0.1-SNAPSHOT @ /Volumes/G-DRIVE-PRO/FABRICE/Clever-Shift/DTSI/test/pom.xml.
2020-01-21 20:32:59,007 [Worker-13: Building] ERROR o.e.m.c.i.URLConnectionCaches - Unexpected URLConnection defaultUseCaches enabled
2020-01-21 20:32:59,009 [Worker-13: Building] WARN  o.e.m.c.i.embedder.EclipseLogger - Using platform encoding (UTF-8 actually) to copy filtered resources, i.e. build is platform dependent!
2020-01-21 20:32:59,014 [Worker-13: Building] INFO  o.e.m.c.i.embedder.EclipseLogger - Copying 0 resource
2020-01-21 20:32:59,015 [Worker-13: Building] WARN  o.e.m.c.i.embedder.EclipseLogger - Using platform encoding (UTF-8 actually) to copy filtered resources, i.e. build is platform dependent!
2020-01-21 20:32:59,016 [Worker-13: Building] INFO  o.e.m.c.i.embedder.EclipseLogger - Copying 0 resource
2020-01-21 20:33:02,387 [Worker-6: Building] ERROR o.e.m.c.i.URLConnectionCaches - Unexpected URLConnection defaultUseCaches enabled
2020-01-21 20:33:02,389 [Worker-6: Building] WARN  o.e.m.c.i.embedder.EclipseLogger - Using platform encoding (UTF-8 actually) to copy filtered resources, i.e. build is platform dependent!
2020-01-21 20:33:02,390 [Worker-6: Building] INFO  o.e.m.c.i.embedder.EclipseLogger - Copying 0 resource
2020-01-21 20:33:02,391 [Worker-6: Building] WARN  o.e.m.c.i.embedder.EclipseLogger - Using platform encoding (UTF-8 actually) to copy filtered resources, i.e. build is platform dependent!
2020-01-21 20:33:02,391 [Worker-6: Building] INFO  o.e.m.c.i.embedder.EclipseLogger - Copying 0 resource
